Arguments: 
  /usr/local/bin/node /usr/local/Cellar/yarn/1.5.1_1/libexec/bin/yarn.js start

PATH: 
  /Users/tabithahsia/.rvm/gems/ruby-2.3.0/bin:/Users/tabithahsia/.rvm/gems/ruby-2.3.0@global/bin:/Users/tabithahsia/.rvm/rubies/ruby-2.3.0/bin:/Library/Frameworks/Python.framework/Versions/2.7/bin:/Library/Frameworks/Python.framework/Versions/3.6/bin:/usr/local/bin:/usr/bin:/bin:/usr/sbin:/sbin:/usr/local/share/dotnet:/Library/Frameworks/Mono.framework/Versions/Current/Commands:/Applications/Xamarin Workbooks.app/Contents/SharedSupport/path-bin:/Users/tabithahsia/.rvm/bin

Yarn version: 
  1.5.1

Node version: 
  12.18.2

Platform: 
  darwin x64

npm manifest: 
  {
    "name": "greys-anatomy-calculator",
    "version": "1.0.0",
    "description": "Grey's Anatomy Calculator",
    "main": "index.js",
    "scripts": {
      "test": "echo \"Error: no test specified\" && exit 1",
      "server": "nodemon server",
      "client": "npm start --prefix client",
      "dev": "concurrently \"npm run server\" \"npm run client\""
    },
    "repository": {
      "type": "git",
      "url": "git+https://github.com/tabithahsia/Greys-Anatomy-Calculator.git"
    },
    "author": "Tabitha",
    "license": "ISC",
    "bugs": {
      "url": "https://github.com/tabithahsia/Greys-Anatomy-Calculator/issues"
    },
    "homepage": "https://github.com/tabithahsia/Greys-Anatomy-Calculator#readme",
    "devDependencies": {
      "concurrently": "^5.2.0",
      "nodemon": "^2.0.4"
    },
    "dependencies": {
      "body-parser": "^1.19.0",
      "cookie-parser": "^1.4.5",
      "express": "^4.17.1",
      "pg": "^8.2.1"
    }
  }

yarn manifest: 
  No manifest

Lockfile: 
  No lockfile

Trace: 
  Error: Command "start" not found.
      at new MessageError (/usr/local/Cellar/yarn/1.5.1_1/libexec/lib/cli.js:186:110)
      at /usr/local/Cellar/yarn/1.5.1_1/libexec/lib/cli.js:87307:17
      at Generator.next (<anonymous>)
      at step (/usr/local/Cellar/yarn/1.5.1_1/libexec/lib/cli.js:98:30)
      at /usr/local/Cellar/yarn/1.5.1_1/libexec/lib/cli.js:116:14
      at new Promise (<anonymous>)
      at new F (/usr/local/Cellar/yarn/1.5.1_1/libexec/lib/cli.js:23451:28)
      at /usr/local/Cellar/yarn/1.5.1_1/libexec/lib/cli.js:95:12
      at runCommand (/usr/local/Cellar/yarn/1.5.1_1/libexec/lib/cli.js:87312:22)
      at Object.<anonymous> (/usr/local/Cellar/yarn/1.5.1_1/libexec/lib/cli.js:87412:14)
